E:\Godot\Games\MyGames\复刻土豆兄弟\brotato-my\Data\Data\Ability\Ability\复活卷轴\复活卷轴.cs(48,21): warning CS8602: 解引用可能出现空引用。 [E:\Godot\Games\MyGames\复刻土豆兄弟\brotato-my\Brotato_my.csproj]
E:\Godot\Games\MyGames\复刻土豆兄弟\brotato-my\Data\Data\Unit\Enemy\EnemyData.cs(16,40): warning CS8604: “void Dictionary<string, object>.Add(string key, object value)”中的形参“value”可能传入 null 引用实参。 [E:\Godot\Games\MyGames\复刻土豆兄弟\brotato-my\Brotato_my.csproj]
E:\Godot\Games\MyGames\复刻土豆兄弟\brotato-my\Data\Data\Unit\Enemy\EnemyData.cs(59,40): warning CS8604: “void Dictionary<string, object>.Add(string key, object value)”中的形参“value”可能传入 null 引用实参。 [E:\Godot\Games\MyGames\复刻土豆兄弟\brotato-my\Brotato_my.csproj]
E:\Godot\Games\MyGames\复刻土豆兄弟\brotato-my\Src\ECS\Component\Ability\ChargeComponent\ChargeComponent.cs(29,40): warning CS8602: 解引用可能出现空引用。 [E:\Godot\Games\MyGames\复刻土豆兄弟\brotato-my\Brotato_my.csproj]
E:\Godot\Games\MyGames\复刻土豆兄弟\brotato-my\Src\ECS\Component\Ability\ChargeComponent\ChargeComponent.cs(30,35): warning CS8602: 解引用可能出现空引用。 [E:\Godot\Games\MyGames\复刻土豆兄弟\brotato-my\Brotato_my.csproj]
E:\Godot\Games\MyGames\复刻土豆兄弟\brotato-my\Src\ECS\Component\Ability\ChargeComponent\ChargeComponent.cs(31,35): warning CS8602: 解引用可能出现空引用。 [E:\Godot\Games\MyGames\复刻土豆兄弟\brotato-my\Brotato_my.csproj]
E:\Godot\Games\MyGames\复刻土豆兄弟\brotato-my\Src\ECS\Component\Ability\ChargeComponent\ChargeComponent.cs(32,31): warning CS8602: 解引用可能出现空引用。 [E:\Godot\Games\MyGames\复刻土豆兄弟\brotato-my\Brotato_my.csproj]
E:\Godot\Games\MyGames\复刻土豆兄弟\brotato-my\Src\ECS\Component\Ability\CooldownComponent\CooldownComponent.cs(26,35): warning CS8602: 解引用可能出现空引用。 [E:\Godot\Games\MyGames\复刻土豆兄弟\brotato-my\Brotato_my.csproj]
E:\Godot\Games\MyGames\复刻土豆兄弟\brotato-my\Data\Data\Unit\Player\PlayerData.cs(16,40): warning CS8604: “void Dictionary<string, object>.Add(string key, object value)”中的形参“value”可能传入 null 引用实参。 [E:\Godot\Games\MyGames\复刻土豆兄弟\brotato-my\Brotato_my.csproj]
E:\Godot\Games\MyGames\复刻土豆兄弟\brotato-my\Src\ECS\Component\Ability\CostComponent\CostComponent.cs(29,35): warning CS8602: 解引用可能出现空引用。 [E:\Godot\Games\MyGames\复刻土豆兄弟\brotato-my\Brotato_my.csproj]
E:\Godot\Games\MyGames\复刻土豆兄弟\brotato-my\Data\Data\Ability\Ability\裂地猛击\裂地猛击.cs(63,32): warning CS8601: 可能的 null 引用赋值。 [E:\Godot\Games\MyGames\复刻土豆兄弟\brotato-my\Brotato_my.csproj]
E:\Godot\Games\MyGames\复刻土豆兄弟\brotato-my\Src\ECS\Component\Ability\CooldownComponent\CooldownComponent.cs(27,35): warning CS8602: 解引用可能出现空引用。 [E:\Godot\Games\MyGames\复刻土豆兄弟\brotato-my\Brotato_my.csproj]
E:\Godot\Games\MyGames\复刻土豆兄弟\brotato-my\Data\Data\Ability\Ability\烈焰光环\烈焰光环.cs(74,28): warning CS8601: 可能的 null 引用赋值。 [E:\Godot\Games\MyGames\复刻土豆兄弟\brotato-my\Brotato_my.csproj]
E:\Godot\Games\MyGames\复刻土豆兄弟\brotato-my\Data\Data\Ability\Ability\烈焰光环\烈焰光环.cs(75,26): warning CS8601: 可能的 null 引用赋值。 [E:\Godot\Games\MyGames\复刻土豆兄弟\brotato-my\Brotato_my.csproj]
E:\Godot\Games\MyGames\复刻土豆兄弟\brotato-my\Src\ECS\Component\Ability\CostComponent\CostComponent.cs(30,41): warning CS8602: 解引用可能出现空引用。 [E:\Godot\Games\MyGames\复刻土豆兄弟\brotato-my\Brotato_my.csproj]
E:\Godot\Games\MyGames\复刻土豆兄弟\brotato-my\Src\ECS\Component\Ability\CooldownComponent\CooldownComponent.cs(28,40): warning CS8602: 解引用可能出现空引用。 [E:\Godot\Games\MyGames\复刻土豆兄弟\brotato-my\Brotato_my.csproj]
E:\Godot\Games\MyGames\复刻土豆兄弟\brotato-my\Src\ECS\Component\Ability\CostComponent\CostComponent.cs(31,33): warning CS8602: 解引用可能出现空引用。 [E:\Godot\Games\MyGames\复刻土豆兄弟\brotato-my\Brotato_my.csproj]
E:\Godot\Games\MyGames\复刻土豆兄弟\brotato-my\Src\ECS\Component\Ability\TriggerComponent\TriggerComponent.cs(34,67): warning CS8602: 解引用可能出现空引用。 [E:\Godot\Games\MyGames\复刻土豆兄弟\brotato-my\Brotato_my.csproj]
E:\Godot\Games\MyGames\复刻土豆兄弟\brotato-my\Data\Data\Ability\Ability\链式闪电\链式闪电.cs(68,32): warning CS8601: 可能的 null 引用赋值。 [E:\Godot\Games\MyGames\复刻土豆兄弟\brotato-my\Brotato_my.csproj]
E:\Godot\Games\MyGames\复刻土豆兄弟\brotato-my\Src\ECS\Component\Ability\TriggerComponent\TriggerComponent.cs(35,35): warning CS8602: 解引用可能出现空引用。 [E:\Godot\Games\MyGames\复刻土豆兄弟\brotato-my\Brotato_my.csproj]
E:\Godot\Games\MyGames\复刻土豆兄弟\brotato-my\Src\ECS\Component\Player\VelocityComponent\VelocityComponent.cs(33,17): warning CS8625: 无法将 null 字面量转换为非 null 的引用类型。 [E:\Godot\Games\MyGames\复刻土豆兄弟\brotato-my\Brotato_my.csproj]
E:\Godot\Games\MyGames\复刻土豆兄弟\brotato-my\Src\ECS\Component\Player\VelocityComponent\VelocityComponent.cs(34,19): warning CS8625: 无法将 null 字面量转换为非 null 的引用类型。 [E:\Godot\Games\MyGames\复刻土豆兄弟\brotato-my\Brotato_my.csproj]
E:\Godot\Games\MyGames\复刻土豆兄弟\brotato-my\Src\ECS\Component\Player\VelocityComponent\VelocityComponent.cs(69,17): warning CS8625: 无法将 null 字面量转换为非 null 的引用类型。 [E:\Godot\Games\MyGames\复刻土豆兄弟\brotato-my\Brotato_my.csproj]
E:\Godot\Games\MyGames\复刻土豆兄弟\brotato-my\Src\ECS\Component\Player\VelocityComponent\VelocityComponent.cs(70,19): warning CS8625: 无法将 null 字面量转换为非 null 的引用类型。 [E:\Godot\Games\MyGames\复刻土豆兄弟\brotato-my\Brotato_my.csproj]
E:\Godot\Games\MyGames\复刻土豆兄弟\brotato-my\Src\ECS\Component\Unit\HealthComponent\HealthComponent.cs(30,31): warning CS8602: 解引用可能出现空引用。 [E:\Godot\Games\MyGames\复刻土豆兄弟\brotato-my\Brotato_my.csproj]
E:\Godot\Games\MyGames\复刻土豆兄弟\brotato-my\Src\ECS\Component\Unit\HealthComponent\HealthComponent.cs(33,27): warning CS8602: 解引用可能出现空引用。 [E:\Godot\Games\MyGames\复刻土豆兄弟\brotato-my\Brotato_my.csproj]
E:\Godot\Games\MyGames\复刻土豆兄弟\brotato-my\Src\ECS\Component\Unit\HurtboxComponent\HurtboxComponent.cs(59,46): warning CS8602: 解引用可能出现空引用。 [E:\Godot\Games\MyGames\复刻土豆兄弟\brotato-my\Brotato_my.csproj]
E:\Godot\Games\MyGames\复刻土豆兄弟\brotato-my\Src\ECS\Component\Unit\LifecycleComponent\LifecycleComponent.cs(52,36): warning CS8602: 解引用可能出现空引用。 [E:\Godot\Games\MyGames\复刻土豆兄弟\brotato-my\Brotato_my.csproj]
E:\Godot\Games\MyGames\复刻土豆兄弟\brotato-my\Src\ECS\Component\Unit\LifecycleComponent\LifecycleComponent.cs(55,35): warning CS8602: 解引用可能出现空引用。 [E:\Godot\Games\MyGames\复刻土豆兄弟\brotato-my\Brotato_my.csproj]
E:\Godot\Games\MyGames\复刻土豆兄弟\brotato-my\Src\ECS\Component\Unit\LifecycleComponent\LifecycleComponent.cs(58,30): warning CS8602: 解引用可能出现空引用。 [E:\Godot\Games\MyGames\复刻土豆兄弟\brotato-my\Brotato_my.csproj]
E:\Godot\Games\MyGames\复刻土豆兄弟\brotato-my\Src\ECS\Component\Unit\LifecycleComponent\LifecycleComponent.cs(61,30): warning CS8602: 解引用可能出现空引用。 [E:\Godot\Games\MyGames\复刻土豆兄弟\brotato-my\Brotato_my.csproj]
E:\Godot\Games\MyGames\复刻土豆兄弟\brotato-my\Src\ECS\Component\Unit\LifecycleComponent\LifecycleComponent.cs(64,33): warning CS8602: 解引用可能出现空引用。 [E:\Godot\Games\MyGames\复刻土豆兄弟\brotato-my\Brotato_my.csproj]
E:\Godot\Games\MyGames\复刻土豆兄弟\brotato-my\Src\ECS\Component\Unit\HurtboxComponent\HurtboxComponent.cs(130,13): warning CS8602: 解引用可能出现空引用。 [E:\Godot\Games\MyGames\复刻土豆兄弟\brotato-my\Brotato_my.csproj]
E:\Godot\Games\MyGames\复刻土豆兄弟\brotato-my\Src\Test\SingleTest\Tools\ObjectPool\VisualTestBullet.cs(12,19): warning CS8618: 在退出构造函数时，不可为 null 的 字段 "_label" 必须包含非 null 值。请考虑添加 "required" 修饰符或将该 字段 声明为可为 null。 [E:\Godot\Games\MyGames\复刻土豆兄弟\brotato-my\Brotato_my.csproj]
E:\Godot\Games\MyGames\复刻土豆兄弟\brotato-my\Src\Test\SingleTest\Tools\ObjectPool\VisualTestBullet.cs(13,23): warning CS8618: 在退出构造函数时，不可为 null 的 字段 "_visual" 必须包含非 null 值。请考虑添加 "required" 修饰符或将该 字段 声明为可为 null。 [E:\Godot\Games\MyGames\复刻土豆兄弟\brotato-my\Brotato_my.csproj]
E:\Godot\Games\MyGames\复刻土豆兄弟\brotato-my\Src\ECS\Component\Player\VelocityComponent\VelocityComponent.cs(17,18): warning CS8618: 在退出构造函数时，不可为 null 的 字段 "_data" 必须包含非 null 值。请考虑添加 "required" 修饰符或将该 字段 声明为可为 null。 [E:\Godot\Games\MyGames\复刻土豆兄弟\brotato-my\Brotato_my.csproj]
E:\Godot\Games\MyGames\复刻土豆兄弟\brotato-my\Src\ECS\Component\Player\VelocityComponent\VelocityComponent.cs(18,21): warning CS8618: 在退出构造函数时，不可为 null 的 字段 "_entity" 必须包含非 null 值。请考虑添加 "required" 修饰符或将该 字段 声明为可为 null。 [E:\Godot\Games\MyGames\复刻土豆兄弟\brotato-my\Brotato_my.csproj]
E:\Godot\Games\MyGames\复刻土豆兄弟\brotato-my\Src\ECS\System\DamageSystem\DamageInfo.cs(49,17): warning CS8618: 在退出构造函数时，不可为 null 的 属性 "Attacker" 必须包含非 null 值。请考虑添加 "required" 修饰符或将该 属性 声明为可为 null。 [E:\Godot\Games\MyGames\复刻土豆兄弟\brotato-my\Brotato_my.csproj]
E:\Godot\Games\MyGames\复刻土豆兄弟\brotato-my\Src\ECS\System\DamageSystem\DamageInfo.cs(54,18): warning CS8618: 在退出构造函数时，不可为 null 的 属性 "Victim" 必须包含非 null 值。请考虑添加 "required" 修饰符或将该 属性 声明为可为 null。 [E:\Godot\Games\MyGames\复刻土豆兄弟\brotato-my\Brotato_my.csproj]
E:\Godot\Games\MyGames\复刻土豆兄弟\brotato-my\Src\ECS\System\DamageSystem\DamageService.cs(55,24): warning CS8625: 无法将 null 字面量转换为非 null 的引用类型。 [E:\Godot\Games\MyGames\复刻土豆兄弟\brotato-my\Brotato_my.csproj]
E:\Godot\Games\MyGames\复刻土豆兄弟\brotato-my\Src\ECS\Data\DataMeta.cs(38,17): warning CS8618: 在退出构造函数时，不可为 null 的 属性 "Category" 必须包含非 null 值。请考虑添加 "required" 修饰符或将该 属性 声明为可为 null。 [E:\Godot\Games\MyGames\复刻土豆兄弟\brotato-my\Brotato_my.csproj]
E:\Godot\Games\MyGames\复刻土豆兄弟\brotato-my\Src\Test\SingleTest\Tools\ObjectPool\TestProjectile.cs(12,19): warning CS8618: 在退出构造函数时，不可为 null 的 字段 "_label" 必须包含非 null 值。请考虑添加 "required" 修饰符或将该 字段 声明为可为 null。 [E:\Godot\Games\MyGames\复刻土豆兄弟\brotato-my\Brotato_my.csproj]
E:\Godot\Games\MyGames\复刻土豆兄弟\brotato-my\Src\Test\SingleTest\Tools\ObjectPool\TestProjectile.cs(13,23): warning CS8618: 在退出构造函数时，不可为 null 的 字段 "_visual" 必须包含非 null 值。请考虑添加 "required" 修饰符或将该 字段 声明为可为 null。 [E:\Godot\Games\MyGames\复刻土豆兄弟\brotato-my\Brotato_my.csproj]
E:\Godot\Games\MyGames\复刻土豆兄弟\brotato-my\Src\ECS\System\DamageSystem\DamageService.cs(30,33): warning CS8618: 在退出构造函数时，不可为 null 的 字段 "Instance" 必须包含非 null 值。请考虑添加 "required" 修饰符或将该 字段 声明为可为 null。 [E:\Godot\Games\MyGames\复刻土豆兄弟\brotato-my\Brotato_my.csproj]
E:\Godot\Games\MyGames\复刻土豆兄弟\brotato-my\Src\ECS\System\Spawn\SpawnSystem.cs(82,24): warning CS8625: 无法将 null 字面量转换为非 null 的引用类型。 [E:\Godot\Games\MyGames\复刻土豆兄弟\brotato-my\Brotato_my.csproj]
E:\Godot\Games\MyGames\复刻土豆兄弟\brotato-my\Src\ECS\Data\Data.cs(536,22): warning CS8602: 解引用可能出现空引用。 [E:\Godot\Games\MyGames\复刻土豆兄弟\brotato-my\Brotato_my.csproj]
E:\Godot\Games\MyGames\复刻土豆兄弟\brotato-my\Src\Test\SingleTest\Test\ExportTest\ExportTest.cs(180,38): warning CS8603: 可能返回 null 引用。 [E:\Godot\Games\MyGames\复刻土豆兄弟\brotato-my\Brotato_my.csproj]
E:\Godot\Games\MyGames\复刻土豆兄弟\brotato-my\Src\Test\SingleTest\ECS\ECSTest\ECSTest.cs(162,17): warning CS8602: 解引用可能出现空引用。 [E:\Godot\Games\MyGames\复刻土豆兄弟\brotato-my\Brotato_my.csproj]
E:\Godot\Games\MyGames\复刻土豆兄弟\brotato-my\Src\Test\SingleTest\Test\ExportTest\ExportTest.cs(187,40): warning CS8603: 可能返回 null 引用。 [E:\Godot\Games\MyGames\复刻土豆兄弟\brotato-my\Brotato_my.csproj]
E:\Godot\Games\MyGames\复刻土豆兄弟\brotato-my\Src\Test\SingleTest\ECS\ECSTest\ECSTest.cs(186,9): warning CS8602: 解引用可能出现空引用。 [E:\Godot\Games\MyGames\复刻土豆兄弟\brotato-my\Brotato_my.csproj]
E:\Godot\Games\MyGames\复刻土豆兄弟\brotato-my\Src\Test\SingleTest\ECS\ECSTest\ECSTest.cs(196,16): warning CS8602: 解引用可能出现空引用。 [E:\Godot\Games\MyGames\复刻土豆兄弟\brotato-my\Brotato_my.csproj]
E:\Godot\Games\MyGames\复刻土豆兄弟\brotato-my\Src\Test\SingleTest\Tools\ObjectPool\TestEffect.cs(12,23): warning CS8618: 在退出构造函数时，不可为 null 的 字段 "_visual" 必须包含非 null 值。请考虑添加 "required" 修饰符或将该 字段 声明为可为 null。 [E:\Godot\Games\MyGames\复刻土豆兄弟\brotato-my\Brotato_my.csproj]
E:\Godot\Games\MyGames\复刻土豆兄弟\brotato-my\Src\Tools\ObjectPool\ObjectPool.cs(180,44): warning CS8604: “Variant.implicit operator Variant(string from)”中的形参“from”可能传入 null 引用实参。 [E:\Godot\Games\MyGames\复刻土豆兄弟\brotato-my\Brotato_my.csproj]
E:\Godot\Games\MyGames\复刻土豆兄弟\brotato-my\Src\ECS\System\Spawn\SpawnSystem.cs(264,26): error CS0029: 无法将类型“System.Collections.Generic.Dictionary<string, object>”隐式转换为“Godot.Resource” [E:\Godot\Games\MyGames\复刻土豆兄弟\brotato-my\Brotato_my.csproj]
E:\Godot\Games\MyGames\复刻土豆兄弟\brotato-my\Src\Tools\Timer\TimerManager.cs(73,22): warning CS8601: 可能的 null 引用赋值。 [E:\Godot\Games\MyGames\复刻土豆兄弟\brotato-my\Brotato_my.csproj]
E:\Godot\Games\MyGames\复刻土豆兄弟\brotato-my\Src\Tools\Timer\TimerManager.cs(93,20): warning CS8625: 无法将 null 字面量转换为非 null 的引用类型。 [E:\Godot\Games\MyGames\复刻土豆兄弟\brotato-my\Brotato_my.csproj]
E:\Godot\Games\MyGames\复刻土豆兄弟\brotato-my\Src\Tools\Timer\TimerManager.cs(53,35): warning CS8618: 在退出构造函数时，不可为 null 的 字段 "_timerPool" 必须包含非 null 值。请考虑添加 "required" 修饰符或将该 字段 声明为可为 null。 [E:\Godot\Games\MyGames\复刻土豆兄弟\brotato-my\Brotato_my.csproj]
E:\Godot\Games\MyGames\复刻土豆兄弟\brotato-my\Src\Tools\Timer\TimerManager.cs(45,32): warning CS8618: 在退出构造函数时，不可为 null 的 字段 "Instance" 必须包含非 null 值。请考虑添加 "required" 修饰符或将该 字段 声明为可为 null。 [E:\Godot\Games\MyGames\复刻土豆兄弟\brotato-my\Brotato_my.csproj]
E:\Godot\Games\MyGames\复刻土豆兄弟\brotato-my\addons\SpriteFramesGenerator\SpriteFramesGeneratorPlugin.cs(185,20): warning CS8618: 在退出构造函数时，不可为 null 的 字段 "_plugin" 必须包含非 null 值。请考虑添加 "required" 修饰符或将该 字段 声明为可为 null。 [E:\Godot\Games\MyGames\复刻土豆兄弟\brotato-my\Brotato_my.csproj]
E:\Godot\Games\MyGames\复刻土豆兄弟\brotato-my\Src\Test\SingleTest\Tools\ObjectPool\ObjectPoolVisualTest.cs(12,42): warning CS8618: 在退出构造函数时，不可为 null 的 字段 "_pool" 必须包含非 null 值。请考虑添加 "required" 修饰符或将该 字段 声明为可为 null。 [E:\Godot\Games\MyGames\复刻土豆兄弟\brotato-my\Brotato_my.csproj]
E:\Godot\Games\MyGames\复刻土豆兄弟\brotato-my\Src\Test\SingleTest\Tools\ObjectPool\ObjectPoolVisualTest.cs(16,19): warning CS8618: 在退出构造函数时，不可为 null 的 字段 "_statsLabel" 必须包含非 null 值。请考虑添加 "required" 修饰符或将该 字段 声明为可为 null。 [E:\Godot\Games\MyGames\复刻土豆兄弟\brotato-my\Brotato_my.csproj]
E:\Godot\Games\MyGames\复刻土豆兄弟\brotato-my\Src\Test\SingleTest\Tools\ObjectPool\ObjectPoolVisualTest.cs(17,25): warning CS8618: 在退出构造函数时，不可为 null 的 字段 "_autoSpawnToggle" 必须包含非 null 值。请考虑添加 "required" 修饰符或将该 字段 声明为可为 null。 [E:\Godot\Games\MyGames\复刻土豆兄弟\brotato-my\Brotato_my.csproj]
E:\Godot\Games\MyGames\复刻土豆兄弟\brotato-my\Src\Test\SingleTest\Tools\ObjectPool\ObjectPoolVisualTest.cs(18,21): warning CS8618: 在退出构造函数时，不可为 null 的 字段 "_spawnRateSlider" 必须包含非 null 值。请考虑添加 "required" 修饰符或将该 字段 声明为可为 null。 [E:\Godot\Games\MyGames\复刻土豆兄弟\brotato-my\Brotato_my.csproj]
E:\Godot\Games\MyGames\复刻土豆兄弟\brotato-my\Src\Test\SingleTest\Tools\ObjectPool\ObjectPoolVisualTest.cs(19,25): warning CS8618: 在退出构造函数时，不可为 null 的 字段 "_poolLoadBar" 必须包含非 null 值。请考虑添加 "required" 修饰符或将该 字段 声明为可为 null。 [E:\Godot\Games\MyGames\复刻土豆兄弟\brotato-my\Brotato_my.csproj]
E:\Godot\Games\MyGames\复刻土豆兄弟\brotato-my\Src\Test\SingleTest\Tools\ObjectPool\ObjectPoolVisualTest.cs(20,21): warning CS8618: 在退出构造函数时，不可为 null 的 字段 "_poolVisualizerContainer" 必须包含非 null 值。请考虑添加 "required" 修饰符或将该 字段 声明为可为 null。 [E:\Godot\Games\MyGames\复刻土豆兄弟\brotato-my\Brotato_my.csproj]
E:\Godot\Games\MyGames\复刻土豆兄弟\brotato-my\Src\ECS\System\Spawn\SpawnSystem.cs(35,31): warning CS8618: 在退出构造函数时，不可为 null 的 属性 "Instance" 必须包含非 null 值。请考虑添加 "required" 修饰符或将该 属性 声明为可为 null。 [E:\Godot\Games\MyGames\复刻土豆兄弟\brotato-my\Brotato_my.csproj]
E:\Godot\Games\MyGames\复刻土豆兄弟\brotato-my\Src\Test\SingleTest\Test\ExportTest\ExportTest.cs(38,19): warning CS8618: 在退出构造函数时，不可为 null 的 属性 "CharacterTexture" 必须包含非 null 值。请考虑添加 "required" 修饰符或将该 属性 声明为可为 null。 [E:\Godot\Games\MyGames\复刻土豆兄弟\brotato-my\Brotato_my.csproj]
E:\Godot\Games\MyGames\复刻土豆兄弟\brotato-my\Src\Test\SingleTest\Test\ExportTest\ExportTest.cs(41,21): warning CS8618: 在退出构造函数时，不可为 null 的 属性 "EnemyScene" 必须包含非 null 值。请考虑添加 "required" 修饰符或将该 属性 声明为可为 null。 [E:\Godot\Games\MyGames\复刻土豆兄弟\brotato-my\Brotato_my.csproj]
E:\Godot\Games\MyGames\复刻土豆兄弟\brotato-my\Src\Test\SingleTest\Test\ExportTest\ExportTest.cs(44,21): warning CS8618: 在退出构造函数时，不可为 null 的 属性 "BackgroundMusic" 必须包含非 null 值。请考虑添加 "required" 修饰符或将该 属性 声明为可为 null。 [E:\Godot\Games\MyGames\复刻土豆兄弟\brotato-my\Brotato_my.csproj]
E:\Godot\Games\MyGames\复刻土豆兄弟\brotato-my\Src\Test\SingleTest\Test\ExportTest\ExportTest.cs(47,18): warning CS8618: 在退出构造函数时，不可为 null 的 属性 "PlayerNodePath" 必须包含非 null 值。请考虑添加 "required" 修饰符或将该 属性 声明为可为 null。 [E:\Godot\Games\MyGames\复刻土豆兄弟\brotato-my\Brotato_my.csproj]
E:\Godot\Games\MyGames\复刻土豆兄弟\brotato-my\Src\Test\SingleTest\Test\ExportTest\ExportTest.cs(68,18): warning CS8618: 在退出构造函数时，不可为 null 的 属性 "HealthGradient" 必须包含非 null 值。请考虑添加 "required" 修饰符或将该 属性 声明为可为 null。 [E:\Godot\Games\MyGames\复刻土豆兄弟\brotato-my\Brotato_my.csproj]
E:\Godot\Games\MyGames\复刻土豆兄弟\brotato-my\Src\Test\SingleTest\Test\ExportTest\ExportTest.cs(80,21): warning CS8618: 在退出构造函数时，不可为 null 的 属性 "ItemIcons" 必须包含非 null 值。请考虑添加 "required" 修饰符或将该 属性 声明为可为 null。 [E:\Godot\Games\MyGames\复刻土豆兄弟\brotato-my\Brotato_my.csproj]
E:\Godot\Games\MyGames\复刻土豆兄弟\brotato-my\Src\Test\SingleTest\Test\ExportTest\ExportTest.cs(124,21): warning CS8618: 在退出构造函数时，不可为 null 的 属性 "HitEffectScene" 必须包含非 null 值。请考虑添加 "required" 修饰符或将该 属性 声明为可为 null。 [E:\Godot\Games\MyGames\复刻土豆兄弟\brotato-my\Brotato_my.csproj]
E:\Godot\Games\MyGames\复刻土豆兄弟\brotato-my\Src\Test\SingleTest\Test\ExportTest\ExportTest.cs(127,21): warning CS8618: 在退出构造函数时，不可为 null 的 属性 "DeathEffectScene" 必须包含非 null 值。请考虑添加 "required" 修饰符或将该 属性 声明为可为 null。 [E:\Godot\Games\MyGames\复刻土豆兄弟\brotato-my\Brotato_my.csproj]
E:\Godot\Games\MyGames\复刻土豆兄弟\brotato-my\Src\Test\SingleTest\ECS\System\Spawn\SpawnTestScene.cs(17,30): warning CS8618: 在退出构造函数时，不可为 null 的 字段 "_strategyOption" 必须包含非 null 值。请考虑添加 "required" 修饰符或将该 字段 声明为可为 null。 [E:\Godot\Games\MyGames\复刻土豆兄弟\brotato-my\Brotato_my.csproj]
E:\Godot\Games\MyGames\复刻土豆兄弟\brotato-my\Src\Test\SingleTest\ECS\System\Spawn\SpawnTestScene.cs(18,23): warning CS8618: 在退出构造函数时，不可为 null 的 字段 "_fpsLabel" 必须包含非 null 值。请考虑添加 "required" 修饰符或将该 字段 声明为可为 null。 [E:\Godot\Games\MyGames\复刻土豆兄弟\brotato-my\Brotato_my.csproj]
E:\Godot\Games\MyGames\复刻土豆兄弟\brotato-my\Src\Test\SingleTest\ECS\System\Spawn\SpawnTestScene.cs(19,23): warning CS8618: 在退出构造函数时，不可为 null 的 字段 "_countLabel" 必须包含非 null 值。请考虑添加 "required" 修饰符或将该 字段 声明为可为 null。 [E:\Godot\Games\MyGames\复刻土豆兄弟\brotato-my\Brotato_my.csproj]
E:\Godot\Games\MyGames\复刻土豆兄弟\brotato-my\Src\Test\SingleTest\ECS\System\Spawn\SpawnTestScene.cs(20,29): warning CS8618: 在退出构造函数时，不可为 null 的 字段 "_debugDrawCheck" 必须包含非 null 值。请考虑添加 "required" 修饰符或将该 字段 声明为可为 null。 [E:\Godot\Games\MyGames\复刻土豆兄弟\brotato-my\Brotato_my.csproj]
E:\Godot\Games\MyGames\复刻土豆兄弟\brotato-my\Src\Test\SingleTest\ECS\System\Spawn\SpawnTestScene.cs(21,26): warning CS8618: 在退出构造函数时，不可为 null 的 字段 "_camera" 必须包含非 null 值。请考虑添加 "required" 修饰符或将该 字段 声明为可为 null。 [E:\Godot\Games\MyGames\复刻土豆兄弟\brotato-my\Brotato_my.csproj]
E:\Godot\Games\MyGames\复刻土豆兄弟\brotato-my\addons\SpriteFramesGenerator\SpriteFramesGeneratorPlugin.cs(36,41): warning CS8618: 在退出构造函数时，不可为 null 的 字段 "_contextMenuPlugin" 必须包含非 null 值。请考虑添加 "required" 修饰符或将该 字段 声明为可为 null。 [E:\Godot\Games\MyGames\复刻土豆兄弟\brotato-my\Brotato_my.csproj]
E:\Godot\Games\MyGames\复刻土豆兄弟\brotato-my\Src\Test\SingleTest\Tools\ObjectPool\ObjectPoolManagerTest.cs(14,40): warning CS8618: 在退出构造函数时，不可为 null 的 字段 "_projectilePool" 必须包含非 null 值。请考虑添加 "required" 修饰符或将该 字段 声明为可为 null。 [E:\Godot\Games\MyGames\复刻土豆兄弟\brotato-my\Brotato_my.csproj]
E:\Godot\Games\MyGames\复刻土豆兄弟\brotato-my\Src\Test\SingleTest\Tools\ObjectPool\ObjectPoolManagerTest.cs(15,36): warning CS8618: 在退出构造函数时，不可为 null 的 字段 "_effectPool" 必须包含非 null 值。请考虑添加 "required" 修饰符或将该 字段 声明为可为 null。 [E:\Godot\Games\MyGames\复刻土豆兄弟\brotato-my\Brotato_my.csproj]
E:\Godot\Games\MyGames\复刻土豆兄弟\brotato-my\Src\Test\SingleTest\Tools\ObjectPool\ObjectPoolManagerTest.cs(17,20): warning CS8618: 在退出构造函数时，不可为 null 的 字段 "_gameContainer" 必须包含非 null 值。请考虑添加 "required" 修饰符或将该 字段 声明为可为 null。 [E:\Godot\Games\MyGames\复刻土豆兄弟\brotato-my\Brotato_my.csproj]
E:\Godot\Games\MyGames\复刻土豆兄弟\brotato-my\Src\Test\SingleTest\Tools\ObjectPool\ObjectPoolManagerTest.cs(21,27): warning CS8618: 在退出构造函数时，不可为 null 的 字段 "_statsContainer" 必须包含非 null 值。请考虑添加 "required" 修饰符或将该 字段 声明为可为 null。 [E:\Godot\Games\MyGames\复刻土豆兄弟\brotato-my\Brotato_my.csproj]
E:\Godot\Games\MyGames\复刻土豆兄弟\brotato-my\Data\Data\Ability\ExecutorRegistry\AbilityExecutorRegistry.cs(23,25): warning CS0414: 字段“AbilityExecutorRegistry._initialized”已被赋值，但从未使用过它的值 [E:\Godot\Games\MyGames\复刻土豆兄弟\brotato-my\Brotato_my.csproj]
E:\Godot\Games\MyGames\复刻土豆兄弟\brotato-my\Data\DataKeyRegister\AI\DataRegister_AI.cs(9,6): warning CA2255: “ModuleInitializer” 属性仅用于应用程序代码或高级源生成器方案 (https://learn.microsoft.com/dotnet/fundamentals/code-analysis/quality-rules/ca2255) [E:\Godot\Games\MyGames\复刻土豆兄弟\brotato-my\Brotato_my.csproj]
E:\Godot\Games\MyGames\复刻土豆兄弟\brotato-my\Data\DataKeyRegister\Base\DataRegister_Base.cs(9,6): warning CA2255: “ModuleInitializer” 属性仅用于应用程序代码或高级源生成器方案 (https://learn.microsoft.com/dotnet/fundamentals/code-analysis/quality-rules/ca2255) [E:\Godot\Games\MyGames\复刻土豆兄弟\brotato-my\Brotato_my.csproj]
E:\Godot\Games\MyGames\复刻土豆兄弟\brotato-my\Data\DataKeyRegister\Unit\DataRegister_Unit.cs(9,6): warning CA2255: “ModuleInitializer” 属性仅用于应用程序代码或高级源生成器方案 (https://learn.microsoft.com/dotnet/fundamentals/code-analysis/quality-rules/ca2255) [E:\Godot\Games\MyGames\复刻土豆兄弟\brotato-my\Brotato_my.csproj]
E:\Godot\Games\MyGames\复刻土豆兄弟\brotato-my\Data\DataKeyRegister\Ability\DataRegister_Ability.cs(12,6): warning CA2255: “ModuleInitializer” 属性仅用于应用程序代码或高级源生成器方案 (https://learn.microsoft.com/dotnet/fundamentals/code-analysis/quality-rules/ca2255) [E:\Godot\Games\MyGames\复刻土豆兄弟\brotato-my\Brotato_my.csproj]
E:\Godot\Games\MyGames\复刻土豆兄弟\brotato-my\Data\Data\Ability\Ability\冲刺\冲刺.cs(14,6): warning CA2255: “ModuleInitializer” 属性仅用于应用程序代码或高级源生成器方案 (https://learn.microsoft.com/dotnet/fundamentals/code-analysis/quality-rules/ca2255) [E:\Godot\Games\MyGames\复刻土豆兄弟\brotato-my\Brotato_my.csproj]
E:\Godot\Games\MyGames\复刻土豆兄弟\brotato-my\Data\Data\Ability\Ability\裂地猛击\裂地猛击.cs(18,6): warning CA2255: “ModuleInitializer” 属性仅用于应用程序代码或高级源生成器方案 (https://learn.microsoft.com/dotnet/fundamentals/code-analysis/quality-rules/ca2255) [E:\Godot\Games\MyGames\复刻土豆兄弟\brotato-my\Brotato_my.csproj]
E:\Godot\Games\MyGames\复刻土豆兄弟\brotato-my\Data\Data\Ability\Ability\烈焰光环\烈焰光环.cs(16,6): warning CA2255: “ModuleInitializer” 属性仅用于应用程序代码或高级源生成器方案 (https://learn.microsoft.com/dotnet/fundamentals/code-analysis/quality-rules/ca2255) [E:\Godot\Games\MyGames\复刻土豆兄弟\brotato-my\Brotato_my.csproj]
E:\Godot\Games\MyGames\复刻土豆兄弟\brotato-my\Data\Data\Ability\Ability\复活卷轴\复活卷轴.cs(17,6): warning CA2255: “ModuleInitializer” 属性仅用于应用程序代码或高级源生成器方案 (https://learn.microsoft.com/dotnet/fundamentals/code-analysis/quality-rules/ca2255) [E:\Godot\Games\MyGames\复刻土豆兄弟\brotato-my\Brotato_my.csproj]
E:\Godot\Games\MyGames\复刻土豆兄弟\brotato-my\Data\DataKeyRegister\Attribute\DataRegister_Attribute.cs(10,6): warning CA2255: “ModuleInitializer” 属性仅用于应用程序代码或高级源生成器方案 (https://learn.microsoft.com/dotnet/fundamentals/code-analysis/quality-rules/ca2255) [E:\Godot\Games\MyGames\复刻土豆兄弟\brotato-my\Brotato_my.csproj]
E:\Godot\Games\MyGames\复刻土豆兄弟\brotato-my\Data\Data\Ability\Ability\链式闪电\链式闪电.cs(19,6): warning CA2255: “ModuleInitializer” 属性仅用于应用程序代码或高级源生成器方案 (https://learn.microsoft.com/dotnet/fundamentals/code-analysis/quality-rules/ca2255) [E:\Godot\Games\MyGames\复刻土豆兄弟\brotato-my\Brotato_my.csproj]
E:\Godot\Games\MyGames\复刻土豆兄弟\brotato-my\Data\Data\Ability\Ability\生命光环\生命光环.cs(17,6): warning CA2255: “ModuleInitializer” 属性仅用于应用程序代码或高级源生成器方案 (https://learn.microsoft.com/dotnet/fundamentals/code-analysis/quality-rules/ca2255) [E:\Godot\Games\MyGames\复刻土豆兄弟\brotato-my\Brotato_my.csproj]
E:\Godot\Games\MyGames\复刻土豆兄弟\brotato-my\Src\ECS\System\DamageSystem\DamageService.cs(18,6): warning CA2255: “ModuleInitializer” 属性仅用于应用程序代码或高级源生成器方案 (https://learn.microsoft.com/dotnet/fundamentals/code-analysis/quality-rules/ca2255) [E:\Godot\Games\MyGames\复刻土豆兄弟\brotato-my\Brotato_my.csproj]
E:\Godot\Games\MyGames\复刻土豆兄弟\brotato-my\Src\ECS\System\DamageSystem\DamageStatisticsSystem.cs(18,6): warning CA2255: “ModuleInitializer” 属性仅用于应用程序代码或高级源生成器方案 (https://learn.microsoft.com/dotnet/fundamentals/code-analysis/quality-rules/ca2255) [E:\Godot\Games\MyGames\复刻土豆兄弟\brotato-my\Brotato_my.csproj]
E:\Godot\Games\MyGames\复刻土豆兄弟\brotato-my\Src\ECS\System\RecoverySystem\RecoverySystem.cs(27,6): warning CA2255: “ModuleInitializer” 属性仅用于应用程序代码或高级源生成器方案 (https://learn.microsoft.com/dotnet/fundamentals/code-analysis/quality-rules/ca2255) [E:\Godot\Games\MyGames\复刻土豆兄弟\brotato-my\Brotato_my.csproj]
E:\Godot\Games\MyGames\复刻土豆兄弟\brotato-my\Src\ECS\System\Spawn\SpawnSystem.cs(16,6): warning CA2255: “ModuleInitializer” 属性仅用于应用程序代码或高级源生成器方案 (https://learn.microsoft.com/dotnet/fundamentals/code-analysis/quality-rules/ca2255) [E:\Godot\Games\MyGames\复刻土豆兄弟\brotato-my\Brotato_my.csproj]
E:\Godot\Games\MyGames\复刻土豆兄弟\brotato-my\Src\Test\SingleTest\ECS\Data\TestDataRegister.cs(12,6): warning CA2255: “ModuleInitializer” 属性仅用于应用程序代码或高级源生成器方案 (https://learn.microsoft.com/dotnet/fundamentals/code-analysis/quality-rules/ca2255) [E:\Godot\Games\MyGames\复刻土豆兄弟\brotato-my\Brotato_my.csproj]
E:\Godot\Games\MyGames\复刻土豆兄弟\brotato-my\Src\Tools\ObjectPool\ObjectPoolInit.cs(41,6): warning CA2255: “ModuleInitializer” 属性仅用于应用程序代码或高级源生成器方案 (https://learn.microsoft.com/dotnet/fundamentals/code-analysis/quality-rules/ca2255) [E:\Godot\Games\MyGames\复刻土豆兄弟\brotato-my\Brotato_my.csproj]
E:\Godot\Games\MyGames\复刻土豆兄弟\brotato-my\Src\Tools\Timer\TimerManager.cs(32,6): warning CA2255: “ModuleInitializer” 属性仅用于应用程序代码或高级源生成器方案 (https://learn.microsoft.com/dotnet/fundamentals/code-analysis/quality-rules/ca2255) [E:\Godot\Games\MyGames\复刻土豆兄弟\brotato-my\Brotato_my.csproj]
E:\Godot\Games\MyGames\复刻土豆兄弟\brotato-my\Src\UI\Core\UIManager.cs(26,6): warning CA2255: “ModuleInitializer” 属性仅用于应用程序代码或高级源生成器方案 (https://learn.microsoft.com/dotnet/fundamentals/code-analysis/quality-rules/ca2255) [E:\Godot\Games\MyGames\复刻土豆兄弟\brotato-my\Brotato_my.csproj]
E:\Godot\Games\MyGames\复刻土豆兄弟\brotato-my\Src\UI\UI\HealthBarUI\HealthBarUI.cs(25,6): warning CA2255: “ModuleInitializer” 属性仅用于应用程序代码或高级源生成器方案 (https://learn.microsoft.com/dotnet/fundamentals/code-analysis/quality-rules/ca2255) [E:\Godot\Games\MyGames\复刻土豆兄弟\brotato-my\Brotato_my.csproj]
